{
  "RSpec": {
    "coverage": {
      "c:/Users/Hosam/Desktop/SE/megasoft-13/Rails/WebsitesPrototypeBuilder/config/environment.rb": [
        null,
        1,
        null,
        null,
        1
      ],
      "c:/Users/Hosam/Desktop/SE/megasoft-13/Rails/WebsitesPrototypeBuilder/config/application.rb": [
        1,
        null,
        1,
        null,
        1,
        null,
        1,
        null,
        null,
        null,
        null,
        1,
        1,
        null,
        null,
        null,
        null,
        null,
        null,
        null,
        null,
        null,
        null,
        null,
        null,
        null,
        null,
        null,
        null,
        null,
        null,
        null,
        null,
        null,
        null,
        null,
        1,
        null,
        null,
        1,
        null,
        null,
        1,
        null,
        null,
        null,
        null,
        null,
        null,
        null,
        null,
        null,
        null,
        1,
        null,
        null,
        1,
        null,
        null,
        1,
        null,
        null,
        1,
        1,
        1,
        1,
        1,
        null,
        null,
        null
      ],
      "c:/Users/Hosam/Desktop/SE/megasoft-13/Rails/WebsitesPrototypeBuilder/config/boot.rb": [
        1,
        null,
        null,
        1,
        null,
        1
      ],
      "c:/Users/Hosam/Desktop/SE/megasoft-13/Rails/WebsitesPrototypeBuilder/config/initializers/backtrace_silencers.rb": [
        null,
        null,
        null,
        null,
        null,
        null,
        null
      ],
      "c:/Users/Hosam/Desktop/SE/megasoft-13/Rails/WebsitesPrototypeBuilder/config/initializers/devise.rb": [
        null,
        null,
        1,
        null,
        null,
        null,
        1,
        null,
        null,
        null,
        null,
        null,
        null,
        null,
        null,
        1,
        null,
        null,
        null,
        null,
        null,
        null,
        null,
        null,
        null,
        null,
        null,
        null,
        null,
        null,
        null,
        null,
        null,
        null,
        null,
        null,
        null,
        1,
        null,
        null,
        null,
        null,
        1,
        null,
        null,
        null,
        null,
        null,
        null,
        null,
        null,
        null,
        null,
        null,
        null,
        null,
        null,
        null,
        null,
        null,
        null,
        null,
        null,
        null,
        null,
        null,
        null,
        null,
        null,
        null,
        null,
        null,
        1,
        null,
        null,
        null,
        null,
        null,
        null,
        null,
        null,
        1,
        null,
        null,
        1,
        null,
        null,
        null,
        null,
        null,
        null,
        null,
        null,
        null,
        null,
        null,
        null,
        null,
        null,
        null,
        null,
        null,
        null,
        null,
        null,
        null,
        null,
        null,
        null,
        1,
        null,
        null,
        null,
        null,
        null,
        null,
        null,
        null,
        null,
        null,
        null,
        null,
        null,
        null,
        null,
        null,
        null,
        1,
        null,
        null,
        null,
        null,
        null,
        null,
        null,
        null,
        null,
        null,
        null,
        null,
        null,
        null,
        null,
        null,
        null,
        null,
        null,
        null,
        null,
        null,
        null,
        null,
        null,
        null,
        null,
        null,
        null,
        null,
        null,
        null,
        null,
        null,
        null,
        null,
        null,
        null,
        null,
        null,
        null,
        null,
        null,
        null,
        null,
        1,
        null,
        null,
        null,
        null,
        null,
        null,
        null,
        null,
        null,
        null,
        null,
        null,
        null,
        null,
        null,
        null,
        null,
        null,
        null,
        null,
        null,
        null,
        null,
        null,
        null,
        null,
        null,
        null,
        null,
        null,
        null,
        null,
        null,
        null,
        null,
        null,
        null,
        null,
        null,
        1,
        null,
        null,
        null,
        null,
        null,
        null,
        null,
        null,
        null,
        null,
        null,
        null,
        null,
        null,
        null,
        null,
        null,
        null,
        null,
        null,
        null,
        null,
        null,
        null,
        null,
        null,
        null,
        null,
        null,
        null,
        1,
        1,
        null,
        null,
        1,
        null,
        null,
        null,
        null,
        null
      ],
      "c:/Users/Hosam/Desktop/SE/megasoft-13/Rails/WebsitesPrototypeBuilder/config/initializers/inflections.rb": [
        null,
        null,
        null,
        null,
        null,
        null,
        null,
        null,
        null,
        null,
        null,
        null,
        null,
        null,
        null
      ],
      "c:/Users/Hosam/Desktop/SE/megasoft-13/Rails/WebsitesPrototypeBuilder/config/initializers/mail_setup.rb": [
        null,
        1,
        null,
        null,
        null,
        null,
        null,
        null,
        null,
        null,
        null,
        null,
        1,
        null,
        1
      ],
      "c:/Users/Hosam/Desktop/SE/megasoft-13/Rails/WebsitesPrototypeBuilder/config/initializers/mime_types.rb": [
        null,
        null,
        null,
        null,
        null
      ],
      "c:/Users/Hosam/Desktop/SE/megasoft-13/Rails/WebsitesPrototypeBuilder/config/initializers/secret_token.rb": [
        null,
        null,
        null,
        null,
        null,
        null,
        null,
        1,
        null
      ],
      "c:/Users/Hosam/Desktop/SE/megasoft-13/Rails/WebsitesPrototypeBuilder/config/initializers/session_store.rb": [
        null,
        null,
        1,
        null,
        null,
        null,
        null,
        null
      ],
      "c:/Users/Hosam/Desktop/SE/megasoft-13/Rails/WebsitesPrototypeBuilder/spec/factories/comment.rb": [
        1,
        1,
        1,
        1,
        1,
        1,
        null,
        null
      ],
      "c:/Users/Hosam/Desktop/SE/megasoft-13/Rails/WebsitesPrototypeBuilder/spec/factories/designers.rb": [
        1,
        1,
        1,
        1,
        1,
        1,
        1,
        1,
        1,
        1,
        1,
        1,
        1,
        null,
        null,
        null,
        null,
        null
      ],
      "c:/Users/Hosam/Desktop/SE/megasoft-13/Rails/WebsitesPrototypeBuilder/spec/factories/page.rb": [
        1,
        1,
        1,
        1,
        1,
        null,
        null
      ],
      "c:/Users/Hosam/Desktop/SE/megasoft-13/Rails/WebsitesPrototypeBuilder/spec/factories/projects.rb": [
        1,
        1,
        1,
        1,
        null,
        null
      ],
      "c:/Users/Hosam/Desktop/SE/megasoft-13/Rails/WebsitesPrototypeBuilder/spec/factories/qquestion.rb": [
        1,
        1,
        1,
        1,
        1,
        null,
        null
      ],
      "c:/Users/Hosam/Desktop/SE/megasoft-13/Rails/WebsitesPrototypeBuilder/spec/factories/question.rb": [
        1,
        1,
        1,
        1,
        1,
        null,
        null
      ],
      "c:/Users/Hosam/Desktop/SE/megasoft-13/Rails/WebsitesPrototypeBuilder/spec/factories/questionnaires.rb": [
        1,
        1,
        1,
        1,
        1,
        null,
        null
      ],
      "c:/Users/Hosam/Desktop/SE/megasoft-13/Rails/WebsitesPrototypeBuilder/spec/factories/reviewer_infos.rb": [
        1,
        1,
        1,
        1,
        1,
        null,
        null
      ],
      "c:/Users/Hosam/Desktop/SE/megasoft-13/Rails/WebsitesPrototypeBuilder/spec/factories/reviewers.rb": [
        1,
        1,
        1,
        null,
        null
      ],
      "c:/Users/Hosam/Desktop/SE/megasoft-13/Rails/WebsitesPrototypeBuilder/spec/factories/steps.rb": [
        1,
        1,
        1,
        1,
        1,
        1,
        null,
        null
      ],
      "c:/Users/Hosam/Desktop/SE/megasoft-13/Rails/WebsitesPrototypeBuilder/spec/factories/task_results.rb": [
        1,
        1,
        1,
        1,
        null,
        null
      ],
      "c:/Users/Hosam/Desktop/SE/megasoft-13/Rails/WebsitesPrototypeBuilder/spec/factories/tasks.rb": [
        1,
        1,
        1,
        1,
        null,
        null
      ],
      "c:/Users/Hosam/Desktop/SE/megasoft-13/Rails/WebsitesPrototypeBuilder/config/routes.rb": [
        1,
        1,
        null,
        1,
        1,
        1,
        1,
        1,
        1,
        null,
        null,
        1,
        null,
        1,
        1,
        null,
        1,
        1,
        1,
        null,
        null,
        null,
        1,
        1,
        null,
        null,
        1,
        1,
        null,
        null,
        1,
        null,
        1,
        1,
        1,
        1,
        null,
        null,
        null,
        null,
        1,
        1,
        null,
        null,
        1,
        1,
        1,
        1,
        1,
        null,
        1,
        null,
        null,
        null,
        1,
        null,
        1,
        1,
        1,
        1,
        1,
        1,
        1,
        1,
        1,
        1,
        1,
        1,
        1,
        1,
        1,
        null,
        1,
        null,
        1,
        null,
        1,
        1,
        null,
        1,
        null,
        1,
        null,
        1,
        1,
        1,
        null,
        null,
        null,
        null,
        1,
        1,
        1,
        1,
        null,
        null,
        null,
        1,
        1,
        1,
        1,
        1,
        null,
        1,
        1,
        null,
        null,
        1,
        1,
        null,
        null,
        null,
        1,
        null,
        1,
        1,
        null,
        null,
        null,
        null,
        null,
        null,
        null,
        null,
        null,
        null,
        null,
        null,
        null,
        null,
        null,
        null,
        null,
        null,
        null,
        null,
        null,
        null,
        null,
        null,
        null,
        null,
        null,
        null,
        null,
        null,
        null,
        null,
        null,
        null,
        null,
        null,
        null,
        null,
        null,
        null,
        null,
        null,
        null,
        null,
        null,
        null,
        null,
        null,
        null,
        null,
        null,
        null,
        null,
        null,
        null,
        null,
        null
      ],
      "c:/Users/Hosam/Desktop/SE/megasoft-13/Rails/WebsitesPrototypeBuilder/app/models/designer.rb": [
        null,
        null,
        null,
        null,
        null,
        null,
        null,
        null,
        null,
        null,
        null,
        null,
        null,
        null,
        null,
        null,
        null,
        null,
        null,
        null,
        1,
        null,
        1,
        null,
        null,
        null,
        null,
        null,
        1,
        null,
        null,
        null,
        null,
        1,
        1,
        1,
        1,
        1,
        1,
        1,
        1,
        1,
        null,
        null,
        null,
        null,
        1,
        null,
        null,
        null,
        null,
        null,
        null,
        null,
        null,
        1,
        null,
        null,
        null,
        null,
        1,
        null,
        null,
        null,
        null
      ],
      "c:/Users/Hosam/Desktop/SE/megasoft-13/Rails/WebsitesPrototypeBuilder/app/helpers/answer_questionnaires_helper.rb": [
        1,
        null
      ],
      "c:/Users/Hosam/Desktop/SE/megasoft-13/Rails/WebsitesPrototypeBuilder/app/helpers/answers_helper.rb": [
        1,
        null
      ],
      "c:/Users/Hosam/Desktop/SE/megasoft-13/Rails/WebsitesPrototypeBuilder/app/helpers/choice_qquestion_helper.rb": [
        1,
        null
      ],
      "c:/Users/Hosam/Desktop/SE/megasoft-13/Rails/WebsitesPrototypeBuilder/app/helpers/comments_helper.rb": [
        1,
        null
      ],
      "c:/Users/Hosam/Desktop/SE/megasoft-13/Rails/WebsitesPrototypeBuilder/app/helpers/pages_helper.rb": [
        1,
        null
      ],
      "c:/Users/Hosam/Desktop/SE/megasoft-13/Rails/WebsitesPrototypeBuilder/app/helpers/project_helper.rb": [
        1,
        null
      ],
      "c:/Users/Hosam/Desktop/SE/megasoft-13/Rails/WebsitesPrototypeBuilder/app/helpers/projects_helper.rb": [
        1,
        null
      ],
      "c:/Users/Hosam/Desktop/SE/megasoft-13/Rails/WebsitesPrototypeBuilder/app/helpers/projects_controllers_helper.rb": [
        1,
        null
      ],
      "c:/Users/Hosam/Desktop/SE/megasoft-13/Rails/WebsitesPrototypeBuilder/app/helpers/qquestions_helper.rb": [
        1,
        null
      ],
      "c:/Users/Hosam/Desktop/SE/megasoft-13/Rails/WebsitesPrototypeBuilder/app/helpers/questionnaires_helper.rb": [
        1,
        null
      ],
      "c:/Users/Hosam/Desktop/SE/megasoft-13/Rails/WebsitesPrototypeBuilder/app/helpers/questions_helper.rb": [
        1,
        null
      ],
      "c:/Users/Hosam/Desktop/SE/megasoft-13/Rails/WebsitesPrototypeBuilder/app/helpers/registrations_helper.rb": [
        1,
        null
      ],
      "c:/Users/Hosam/Desktop/SE/megasoft-13/Rails/WebsitesPrototypeBuilder/app/helpers/statistics_helper.rb": [
        null,
        1,
        null,
        null,
        null,
        null,
        null,
        null,
        null,
        null,
        1,
        0,
        0,
        0,
        0,
        0,
        null,
        0,
        0,
        0,
        null,
        null,
        null,
        null,
        null,
        null,
        null,
        null,
        null,
        1,
        0,
        0,
        0,
        0,
        0,
        0,
        0,
        0,
        null,
        null,
        0,
        0,
        0,
        null,
        null,
        null,
        null,
        null,
        null,
        null,
        null,
        null,
        null,
        null,
        1,
        0,
        0,
        0,
        0,
        null,
        0,
        0,
        0,
        0,
        0,
        null,
        0,
        null,
        null,
        0,
        0,
        0,
        null,
        null,
        null,
        null,
        null,
        null,
        null,
        null,
        null,
        null,
        1,
        0,
        0,
        0,
        0,
        0,
        0,
        0,
        0,
        0,
        null,
        0,
        0,
        0,
        null,
        null,
        0,
        null,
        null,
        null,
        null,
        null,
        null,
        null,
        null,
        null,
        1,
        0,
        0,
        0,
        0,
        0,
        null,
        0,
        0,
        null,
        null,
        null,
        null,
        null,
        null,
        null,
        null,
        null,
        1,
        0,
        0,
        0,
        0,
        0,
        0,
        null,
        null,
        0,
        0,
        null,
        null,
        null,
        null,
        null,
        null,
        null,
        null,
        null,
        null,
        1,
        0,
        0,
        0,
        0,
        0,
        0,
        null,
        0,
        0,
        null,
        0,
        0,
        null,
        0,
        null,
        null,
        null,
        null,
        null,
        null,
        null,
        null,
        null,
        1,
        0,
        0,
        0,
        0,
        null,
        0,
        null,
        null,
        null,
        null,
        null,
        null,
        null,
        null,
        null,
        1,
        0,
        0,
        0,
        0,
        0,
        null,
        0,
        null,
        null,
        0,
        null,
        null,
        null,
        null,
        null,
        null,
        null,
        null,
        null,
        1,
        0,
        0,
        null,
        0,
        null,
        null,
        null,
        null,
        null,
        null,
        null,
        null,
        null,
        null,
        1,
        0,
        0,
        0,
        0,
        0,
        0,
        0,
        0,
        0,
        null,
        0,
        null,
        0,
        null,
        0,
        null,
        null,
        null,
        null,
        0,
        0,
        0,
        0,
        null,
        0,
        null,
        null,
        null,
        null,
        null,
        null,
        null,
        null,
        null,
        null,
        1,
        0,
        0,
        0,
        0,
        0,
        0,
        0,
        0,
        0,
        0,
        0,
        null,
        0,
        null,
        0,
        0,
        null,
        null,
        null,
        null,
        0,
        0,
        0,
        0,
        null,
        0,
        null,
        null,
        null,
        null,
        null,
        null,
        null,
        null,
        null,
        null,
        1,
        0,
        0,
        0,
        0,
        0,
        0,
        0,
        0,
        0,
        null,
        0,
        null,
        null,
        null,
        null,
        0,
        0,
        0,
        0,
        null,
        0,
        null,
        null,
        null
      ],
      "c:/Users/Hosam/Desktop/SE/megasoft-13/Rails/WebsitesPrototypeBuilder/app/helpers/tests_helper.rb": [
        1,
        null
      ],
      "c:/Users/Hosam/Desktop/SE/megasoft-13/Rails/WebsitesPrototypeBuilder/spec/support/devise.rb": [
        1,
        1,
        null
      ],
      "c:/Users/Hosam/Desktop/SE/megasoft-13/Rails/WebsitesPrototypeBuilder/app/controllers/projects_controller.rb": [
        1,
        1,
        0,
        0,
        0,
        0,
        null,
        null,
        null,
        1,
        0,
        0,
        0,
        0,
        0,
        null,
        0,
        0,
        null,
        null,
        null,
        null,
        1,
        0,
        0,
        0,
        0,
        0,
        null,
        0,
        0,
        null,
        null,
        null,
        null,
        1,
        0,
        0,
        0,
        0,
        0,
        null,
        null,
        null,
        null,
        null,
        null,
        null,
        null,
        null,
        null,
        null,
        null,
        null,
        1,
        1,
        1,
        1,
        1,
        1,
        2,
        1,
        null,
        null,
        null,
        null,
        null,
        null,
        null,
        null,
        null,
        null,
        null,
        null,
        1,
        1,
        1,
        1,
        1,
        1,
        null,
        null,
        null,
        null,
        null,
        null,
        null,
        null,
        null,
        null,
        null,
        null,
        null,
        1,
        2,
        2,
        2,
        2,
        2,
        1,
        1,
        null,
        1,
        null,
        null,
        null,
        null,
        null,
        null,
        null,
        null,
        null,
        null,
        null,
        null,
        null,
        1,
        2,
        2,
        2,
        2,
        null,
        2,
        2,
        2,
        null,
        null,
        null,
        null,
        null,
        null,
        null,
        null,
        null,
        null,
        null,
        1,
        0,
        0,
        0,
        0,
        0,
        0,
        0,
        0,
        null,
        0,
        null,
        null,
        null,
        null,
        1,
        2,
        2,
        2,
        null,
        1,
        null,
        2,
        2,
        2,
        2,
        2,
        2,
        2,
        null,
        2,
        null,
        null,
        null,
        null,
        null,
        null,
        null,
        null,
        null,
        1,
        null,
        null,
        0,
        null,
        null,
        null
      ],
      "c:/Users/Hosam/Desktop/SE/megasoft-13/Rails/WebsitesPrototypeBuilder/app/controllers/application_controller.rb": [
        1,
        1,
        null
      ],
      "c:/Users/Hosam/Desktop/SE/megasoft-13/Rails/WebsitesPrototypeBuilder/app/models/project.rb": [
        null,
        1,
        null,
        null,
        null,
        null,
        null,
        null,
        null,
        null,
        null,
        null,
        1,
        null,
        1,
        1,
        null,
        1,
        1,
        1,
        1,
        1,
        1,
        null,
        null,
        null,
        null
      ],
      "c:/Users/Hosam/Desktop/SE/megasoft-13/Rails/WebsitesPrototypeBuilder/app/models/page.rb": [
        null,
        1,
        null,
        null,
        null,
        null,
        null,
        null,
        1,
        null,
        1,
        null,
        1,
        1,
        1,
        1,
        null,
        1,
        1,
        1,
        0,
        0,
        null,
        null,
        1,
        0,
        null,
        null
      ],
      "c:/Users/Hosam/Desktop/SE/megasoft-13/Rails/WebsitesPrototypeBuilder/app/models/comment.rb": [
        null,
        null,
        null,
        null,
        null,
        null,
        null,
        null,
        null,
        null,
        null,
        null,
        1,
        1,
        null,
        1,
        null,
        1,
        null,
        1,
        null,
        null
      ],
      "c:/Users/Hosam/Desktop/SE/megasoft-13/Rails/WebsitesPrototypeBuilder/app/models/question.rb": [
        null,
        null,
        null,
        null,
        null,
        null,
        null,
        null,
        null,
        null,
        1,
        1,
        1,
        null,
        1,
        null,
        1,
        null,
        1,
        null
      ],
      "c:/Users/Hosam/Desktop/SE/megasoft-13/Rails/WebsitesPrototypeBuilder/app/models/answer.rb": [
        null,
        null,
        null,
        null,
        null,
        null,
        null,
        1,
        1,
        1,
        1,
        1,
        null
      ]
    },
    "timestamp": 1367520980
  }
}
